# JRE version: Java(TM) SE Runtime Environment (21.0.5+9) (build 21.0.5+9-LTS-239)
# Java VM: Java HotSpot(TM) 64-Bit Server VM (21.0.5+9-LTS-239, mixed mode, emulated-client, sharing, tiered, compressed oops, compressed class ptrs, g1 gc, bsd-aarch64)
GC Precious Log:
 CardTable entry size: 512
 Card Set container configuration: InlinePtr #cards 4 size 8 Array Of Cards #cards 16 size 48 Howl #buckets 8 coarsen threshold 3686 Howl Bitmap #cards 512 size 80 coarsen threshold 460 Card regions per heap region 1 cards per card region 4096
 CPUs: 8 total, 8 available
 Memory: 16384M
 Large Page Support: Disabled
 NUMA Support: Disabled
 Compressed Oops: Enabled (Zero based)
 Heap Region Size: 2M
 Heap Min Capacity: 8M
 Heap Initial Capacity: 256M
 Heap Max Capacity: 4G
 Pre-touch: Disabled
 Parallel Workers: 8
 Concurrent Workers: 2
 Concurrent Refinement Workers: 8
 Periodic GC: Disabled
Heap:
 garbage-first heap   total 442368K, used 273158K [0x0000000700000000, 0x0000000800000000)
  region size 2048K, 22 young (45056K), 4 survivors (8192K)
 Metaspace       used 150178K, committed 151808K, reserved 1245184K
  class space    used 16881K, committed 17728K, reserved 1048576K
GC Heap History (20 events):
Event: 17.466 GC heap before
{Heap before GC invocations=48 (full 0):
 garbage-first heap   total 368640K, used 334304K [0x0000000700000000, 0x0000000800000000)
  region size 2048K, 88 young (180224K), 6 survivors (12288K)
 Metaspace       used 109649K, committed 110656K, reserved 1179648K
  class space    used 12520K, committed 13056K, reserved 1048576K
}
Event: 17.472 GC heap after
{Heap after GC invocations=49 (full 0):
 garbage-first heap   total 368640K, used 173983K [0x0000000700000000, 0x0000000800000000)
  region size 2048K, 10 young (20480K), 10 survivors (20480K)
 Metaspace       used 109649K, committed 110656K, reserved 1179648K
  class space    used 12520K, committed 13056K, reserved 1048576K
}
Event: 17.979 GC heap before
{Heap before GC invocations=49 (full 0):
 garbage-first heap   total 368640K, used 325535K [0x0000000700000000, 0x0000000800000000)
  region size 2048K, 84 young (172032K), 10 survivors (20480K)
 Metaspace       used 112459K, committed 113536K, reserved 1179648K
  class space    used 12681K, committed 13248K, reserved 1048576K
}
Event: 17.990 GC heap after
{Heap after GC invocations=50 (full 0):
 garbage-first heap   total 368640K, used 180730K [0x0000000700000000, 0x0000000800000000)
  region size 2048K, 9 young (18432K), 9 survivors (18432K)
 Metaspace       used 112459K, committed 113536K, reserved 1179648K
  class space    used 12681K, committed 13248K, reserved 1048576K
}
Event: 18.508 GC heap before
{Heap before GC invocations=50 (full 0):
 garbage-first heap   total 368640K, used 328186K [0x0000000700000000, 0x0000000800000000)
  region size 2048K, 81 young (165888K), 9 survivors (18432K)
 Metaspace       used 116704K, committed 117888K, reserved 1179648K
  class space    used 13016K, committed 13632K, reserved 1048576K
}
Event: 18.518 GC heap after
{Heap after GC invocations=51 (full 0):
 garbage-first heap   total 368640K, used 187288K [0x0000000700000000, 0x0000000800000000)
  region size 2048K, 7 young (14336K), 7 survivors (14336K)
 Metaspace       used 116704K, committed 117888K, reserved 1179648K
  class space    used 13016K, committed 13632K, reserved 1048576K
}
Event: 19.033 GC heap before
{Heap before GC invocations=52 (full 0):
 garbage-first heap   total 368640K, used 334744K [0x0000000700000000, 0x0000000800000000)
  region size 2048K, 79 young (161792K), 7 survivors (14336K)
 Metaspace       used 120357K, committed 121600K, reserved 1179648K
  class space    used 13220K, committed 13888K, reserved 1048576K
}
Event: 19.039 GC heap after
{Heap after GC invocations=53 (full 0):
 garbage-first heap   total 368640K, used 194224K [0x0000000700000000, 0x0000000800000000)
  region size 2048K, 7 young (14336K), 7 survivors (14336K)
 Metaspace       used 120357K, committed 121600K, reserved 1179648K
  class space    used 13220K, committed 13888K, reserved 1048576K
}
Event: 19.605 GC heap before
{Heap before GC invocations=53 (full 0):
 garbage-first heap   total 368640K, used 333488K [0x0000000700000000, 0x0000000800000000)
  region size 2048K, 75 young (153600K), 7 survivors (14336K)
 Metaspace       used 122010K, committed 123264K, reserved 1179648K
  class space    used 13404K, committed 14080K, reserved 1048576K
}
Event: 19.618 GC heap after
{Heap after GC invocations=54 (full 0):
 garbage-first heap   total 368640K, used 199210K [0x0000000700000000, 0x0000000800000000)
  region size 2048K, 7 young (14336K), 7 survivors (14336K)
 Metaspace       used 122010K, committed 123264K, reserved 1179648K
  class space    used 13404K, committed 14080K, reserved 1048576K
}
Event: 19.980 GC heap before
{Heap before GC invocations=54 (full 0):
 garbage-first heap   total 368640K, used 285226K [0x0000000700000000, 0x0000000800000000)
  region size 2048K, 50 young (102400K), 7 survivors (14336K)
 Metaspace       used 123348K, committed 124672K, reserved 1179648K
  class space    used 13591K, committed 14272K, reserved 1048576K
}
Event: 19.987 GC heap after
{Heap after GC invocations=55 (full 0):
 garbage-first heap   total 368640K, used 201485K [0x0000000700000000, 0x0000000800000000)
  region size 2048K, 5 young (10240K), 5 survivors (10240K)
 Metaspace       used 123348K, committed 124672K, reserved 1179648K
  class space    used 13591K, committed 14272K, reserved 1048576K
}
Event: 20.584 GC heap before
{Heap before GC invocations=56 (full 0):
 garbage-first heap   total 368640K, used 338701K [0x0000000700000000, 0x0000000800000000)
  region size 2048K, 71 young (145408K), 5 survivors (10240K)
 Metaspace       used 128530K, committed 129856K, reserved 1179648K
  class space    used 14290K, committed 14976K, reserved 1048576K
}
Event: 20.591 GC heap after
{Heap after GC invocations=57 (full 0):
 garbage-first heap   total 368640K, used 208849K [0x0000000700000000, 0x0000000800000000)
  region size 2048K, 8 young (16384K), 8 survivors (16384K)
 Metaspace       used 128530K, committed 129856K, reserved 1179648K
  class space    used 14290K, committed 14976K, reserved 1048576K
}
Event: 21.084 GC heap before
{Heap before GC invocations=57 (full 0):
 garbage-first heap   total 368640K, used 333777K [0x0000000700000000, 0x0000000800000000)
  region size 2048K, 67 young (137216K), 8 survivors (16384K)
 Metaspace       used 132722K, committed 134080K, reserved 1179648K
  class space    used 14748K, committed 15424K, reserved 1048576K
}
Event: 21.095 GC heap after
{Heap after GC invocations=58 (full 0):
 garbage-first heap   total 442368K, used 215555K [0x0000000700000000, 0x0000000800000000)
  region size 2048K, 9 young (18432K), 9 survivors (18432K)
 Metaspace       used 132722K, committed 134080K, reserved 1179648K
  class space    used 14748K, committed 15424K, reserved 1048576K
}
Event: 21.498 GC heap before
{Heap before GC invocations=58 (full 0):
 garbage-first heap   total 442368K, used 395779K [0x0000000700000000, 0x0000000800000000)
  region size 2048K, 97 young (198656K), 9 survivors (18432K)
 Metaspace       used 132836K, committed 134208K, reserved 1179648K
  class space    used 14762K, committed 15488K, reserved 1048576K
}
Event: 21.510 GC heap after
{Heap after GC invocations=59 (full 0):
 garbage-first heap   total 442368K, used 233300K [0x0000000700000000, 0x0000000800000000)
  region size 2048K, 13 young (26624K), 13 survivors (26624K)
 Metaspace       used 132836K, committed 134208K, reserved 1179648K
  class space    used 14762K, committed 15488K, reserved 1048576K
}
Event: 57.472 GC heap before
{Heap before GC invocations=59 (full 0):
 garbage-first heap   total 442368K, used 370516K [0x0000000700000000, 0x0000000800000000)
  region size 2048K, 82 young (167936K), 13 survivors (26624K)
 Metaspace       used 149640K, committed 151296K, reserved 1245184K
  class space    used 16787K, committed 17664K, reserved 1048576K
}
Event: 57.510 GC heap after
{Heap after GC invocations=60 (full 0):
 garbage-first heap   total 442368K, used 240390K [0x0000000700000000, 0x0000000800000000)
  region size 2048K, 4 young (8192K), 4 survivors (8192K)
 Metaspace       used 149640K, committed 151296K, reserved 1245184K
  class space    used 16787K, committed 17664K, reserved 1048576K
}

